#
# A fatal error has been detected by the Java Runtime Environment:
#
#  EXCEPTION_ACCESS_VIOLATION (0xc0000005) at pc=0x0000000061ee28cf, pid=7004, tid=6392
#
# JRE version: 7.0_02-b13
# Java VM: Java HotSpot(TM) 64-Bit Server VM (22.0-b10 mixed mode windows-amd64 compressed oops)
# Problematic frame:
# V  [jvm.dll+0x3e28cf]
#
# Failed to write core dump. Minidumps are not enabled by default on client versions of Windows
#
# If you would like to submit a bug report, please visit:
#   http://bugreport.sun.com/bugreport/crash.jsp
#

---------------  T H R E A D  ---------------

Current thread (0x00000000064d1000):  JavaThread "C2 CompilerThread1" daemon [_thread_in_native, id=6392, stack(0x0000000007920000,0x0000000007a20000)]

siginfo: ExceptionCode=0xc0000005, reading address 0x0000000000000008

Registers:
RAX=0x0000000000000000, RBX=0x0000000007a1d100, RCX=0x00000000090b5af0, RDX=0x0000000000000000
RSP=0x0000000007a1c2b0, RBP=0x0000000007a1c460, RSI=0x0000000008613128, RDI=0x0000000000000000
R8 =0x00000000064fb500, R9 =0x0000000000002000, R10=0x0000000008a9af00, R11=0x0000000000000000
R12=0x000000000958c280, R13=0x000000000872c9a8, R14=0x0000000007a1c380, R15=0x0000000007a1c3a0
RIP=0x0000000061ee28cf, EFLAGS=0x0000000000010287

Top of Stack: (sp=0x0000000007a1c2b0)
0x0000000007a1c2b0:   0000000007a1d100 000000000958c280
0x0000000007a1c2c0:   0000000008203580 0000000000000000
0x0000000007a1c2d0:   000000000958c280 0000000000000002
0x0000000007a1c2e0:   0000000008733908 0000000061ee3389
0x0000000007a1c2f0:   0000000007a1c460 00000000000001a0
0x0000000007a1c300:   0000000007a1c3e8 0000000007a1c460
0x0000000007a1c310:   0000000000000020 0000000008c66c60
0x0000000007a1c320:   0000000000000000 000000000000c020
0x0000000007a1c330:   000000000865d610 0000000007a1c460
0x0000000007a1c340:   00000000064b34f0 0000000000000002
0x0000000007a1c350:   0000000007a1d100 0000000061ee54f7
0x0000000007a1c360:   0000000007a1d100 0000000000000001
0x0000000007a1c370:   0000000000000002 0000000007a1c3e8
0x0000000007a1c380:   00000000064b34f0 0000000000000200
0x0000000007a1c390:   00000000086e7260 00000000000001a1
0x0000000007a1c3a0:   00000000620444f8 00000000064b34f0 

Instructions: (pc=0x0000000061ee28cf)
0x0000000061ee28af:   48 3b f0 0f 84 87 01 00 00 44 8b 4b 28 0f 1f 40
0x0000000061ee28bf:   00 41 8b 53 28 4c 8b 83 e0 09 00 00 4d 8b 1c d0
0x0000000061ee28cf:   49 8b 43 08 48 39 38 75 2d 0f 1f 84 00 00 00 00
0x0000000061ee28df:   00 41 8b 43 28 41 3b c1 73 0c 8b c8 48 8b 43 30 


Register to memory mapping:

RAX=0x0000000000000000 is an unknown value
RBX=0x0000000007a1d100 is pointing into the stack for thread: 0x00000000064d1000
RCX=0x00000000090b5af0 is an unknown value
RDX=0x0000000000000000 is an unknown value
RSP=0x0000000007a1c2b0 is pointing into the stack for thread: 0x00000000064d1000
RBP=0x0000000007a1c460 is pointing into the stack for thread: 0x00000000064d1000
RSI=0x0000000008613128 is an unknown value
RDI=0x0000000000000000 is an unknown value
R8 =0x00000000064fb500 is an unknown value
R9 =0x0000000000002000 is an unknown value
R10=0x0000000008a9af00 is an unknown value
R11=0x0000000000000000 is an unknown value
R12=0x000000000958c280 is an unknown value
R13=0x000000000872c9a8 is an unknown value
R14=0x0000000007a1c380 is pointing into the stack for thread: 0x00000000064d1000
R15=0x0000000007a1c3a0 is pointing into the stack for thread: 0x00000000064d1000


Stack: [0x0000000007920000,0x0000000007a20000],  sp=0x0000000007a1c2b0,  free space=1008k
Native frames: (J=compiled Java code, j=interpreted, Vv=VM code, C=native code)
V  [jvm.dll+0x3e28cf]


Current CompileTask:
C2: 694062  796             jregex.Pretokenizer::next (1064 bytes)


---------------  P R O C E S S  ---------------

Java Threads: ( => current thread )
  0x0000000009327000 JavaThread "net.sf.ehcache.CacheManager@3a186230" daemon [_thread_blocked, id=6808, stack(0x0000000009bb0000,0x0000000009cb0000)]
  0x0000000009326000 JavaThread "New I/O server worker #1-7" [_thread_in_native, id=5172, stack(0x000000000bb20000,0x000000000bc20000)]
  0x0000000008d6e800 JavaThread "com.mchange.v2.async.ThreadPoolAsynchronousRunner$PoolThread-#2" daemon [_thread_blocked, id=5200, stack(0x000000000a7a0000,0x000000000a8a0000)]
  0x0000000008b1e000 JavaThread "com.mchange.v2.async.ThreadPoolAsynchronousRunner$PoolThread-#1" daemon [_thread_blocked, id=5796, stack(0x000000000a530000,0x000000000a630000)]
  0x0000000008fbd800 JavaThread "com.mchange.v2.async.ThreadPoolAsynchronousRunner$PoolThread-#0" daemon [_thread_blocked, id=6376, stack(0x000000000a2e0000,0x000000000a3e0000)]
  0x0000000008762800 JavaThread "Timer-0" daemon [_thread_blocked, id=6584, stack(0x000000000a3e0000,0x000000000a4e0000)]
  0x000000000890f000 JavaThread "play-thread-1" [_thread_in_Java, id=4556, stack(0x0000000006fa0000,0x00000000070a0000)]
  0x0000000002119800 JavaThread "DestroyJavaVM" [_thread_blocked, id=7148, stack(0x0000000002470000,0x0000000002570000)]
  0x000000000859b000 JavaThread "New I/O server boss #1 ([id: 0x2f2a4f3e, /0:0:0:0:0:0:0:0:9000])" [_thread_in_native, id=5916, stack(0x0000000009a20000,0x0000000009b20000)]
  0x00000000064d4800 JavaThread "Service Thread" daemon [_thread_blocked, id=3656, stack(0x0000000007ab0000,0x0000000007bb0000)]
=>0x00000000064d1000 JavaThread "C2 CompilerThread1" daemon [_thread_in_native, id=6392, stack(0x0000000007920000,0x0000000007a20000)]
  0x00000000064c8000 JavaThread "C2 CompilerThread0" daemon [_thread_in_native, id=4728, stack(0x0000000007720000,0x0000000007820000)]
  0x00000000064bd800 JavaThread "JDWP Event Helper Thread" daemon [_thread_blocked, id=5600, stack(0x0000000006d50000,0x0000000006e50000)]
  0x00000000064af000 JavaThread "JDWP Transport Listener: dt_socket" daemon [_thread_in_native, id=2496, stack(0x0000000007550000,0x0000000007650000)]
  0x0000000006488000 JavaThread "Attach Listener" daemon [_thread_blocked, id=6016, stack(0x00000000070a0000,0x00000000071a0000)]
  0x0000000006483000 JavaThread "Signal Dispatcher" daemon [_thread_blocked, id=1172, stack(0x0000000006e50000,0x0000000006f50000)]
  0x00000000021d9000 JavaThread "Finalizer" daemon [_thread_blocked, id=6064, stack(0x0000000006c40000,0x0000000006d40000)]
  0x00000000021d2800 JavaThread "Reference Handler" daemon [_thread_blocked, id=6744, stack(0x0000000006a40000,0x0000000006b40000)]

Other Threads:
  0x00000000021c9000 VMThread [stack: 0x00000000068e0000,0x00000000069e0000] [id=6416]
  0x000000000651e000 WatcherThread [stack: 0x0000000007c00000,0x0000000007d00000] [id=6480]

VM state:not at safepoint (normal execution)

VM Mutex/Monitor currently owned by a thread: None

Heap
 PSYoungGen      total 126528K, used 114297K [0x00000000eb6b0000, 0x00000000f8c20000, 0x0000000100000000)
  eden space 117888K, 89% used [0x00000000eb6b0000,0x00000000f1de1cd0,0x00000000f29d0000)
  from space 8640K, 99% used [0x00000000f83b0000,0x00000000f8c1cb10,0x00000000f8c20000)
  to   space 12800K, 0% used [0x00000000f7320000,0x00000000f7320000,0x00000000f7fa0000)
 PSOldGen        total 42176K, used 19305K [0x00000000c2400000, 0x00000000c4d30000, 0x00000000eb6b0000)
  object space 42176K, 45% used [0x00000000c2400000,0x00000000c36da4e8,0x00000000c4d30000)
 PSPermGen       total 39488K, used 39438K [0x00000000bd200000, 0x00000000bf890000, 0x00000000c2400000)
  object space 39488K, 99% used [0x00000000bd200000,0x00000000bf883948,0x00000000bf890000)

Code Cache  [0x0000000002770000, 0x0000000002b60000, 0x0000000005770000)
 total_blobs=1443 nmethods=770 adapters=632 free_code_cache=45169Kb largest_free_block=46203520

Dynamic libraries:
0x000000013f190000 - 0x000000013f1c3000 	c:\program files\java\jre7\bin\java.exe
0x00000000772e0000 - 0x0000000077489000 	C:\Windows\SYSTEM32\ntdll.dll
0x0000000076f60000 - 0x000000007707f000 	C:\Windows\system32\kernel32.dll
0x000007fefdaa0000 - 0x000007fefdb0c000 	C:\Windows\system32\KERNELBASE.dll
0x000007fefdeb0000 - 0x000007fefdf8b000 	C:\Windows\system32\ADVAPI32.dll
0x000007fefe0b0000 - 0x000007fefe14f000 	C:\Windows\system32\msvcrt.dll
0x000007feff190000 - 0x000007feff1af000 	C:\Windows\SYSTEM32\sechost.dll
0x000007feff3a0000 - 0x000007feff4cd000 	C:\Windows\system32\RPCRT4.dll
0x0000000077080000 - 0x000000007717a000 	C:\Windows\system32\USER32.dll
0x000007fefe150000 - 0x000007fefe1b7000 	C:\Windows\system32\GDI32.dll
0x000007feff1b0000 - 0x000007feff1be000 	C:\Windows\system32\LPK.dll
0x000007fefdf90000 - 0x000007fefe059000 	C:\Windows\system32\USP10.dll
0x000007fefbc10000 - 0x000007fefbe04000 	C:\Windows\WinSxS\amd64_microsoft.windows.common-controls_6595b64144ccf1df_6.0.7601.17514_none_fa396087175ac9ac\COMCTL32.dll
0x000007fefdcc0000 - 0x000007fefdd31000 	C:\Windows\system32\SHLWAPI.dll
0x000007fefe3d0000 - 0x000007fefe3fe000 	C:\Windows\system32\IMM32.DLL
0x000007fefdb10000 - 0x000007fefdc19000 	C:\Windows\system32\MSCTF.dll
0x0000000062690000 - 0x0000000062761000 	c:\program files\java\jre7\bin\msvcr100.dll
0x0000000061b00000 - 0x00000000621da000 	c:\program files\java\jre7\bin\server\jvm.dll
0x000007fefa1e0000 - 0x000007fefa1e9000 	C:\Windows\system32\WSOCK32.dll
0x000007fefe060000 - 0x000007fefe0ad000 	C:\Windows\system32\WS2_32.dll
0x000007fefdea0000 - 0x000007fefdea8000 	C:\Windows\system32\NSI.dll
0x000007fef9d70000 - 0x000007fef9dab000 	C:\Windows\system32\WINMM.dll
0x00000000774b0000 - 0x00000000774b7000 	C:\Windows\system32\PSAPI.DLL
0x0000000063050000 - 0x000000006305f000 	c:\program files\java\jre7\bin\verify.dll
0x0000000062ec0000 - 0x0000000062ee8000 	c:\program files\java\jre7\bin\java.dll
0x0000000066480000 - 0x00000000664b5000 	c:\program files\java\jre7\bin\jdwp.dll
0x0000000064b00000 - 0x0000000064b23000 	c:\program files\java\jre7\bin\instrument.dll
0x0000000066470000 - 0x0000000066478000 	c:\program files\java\jre7\bin\npt.dll
0x0000000062f30000 - 0x0000000062f45000 	c:\program files\java\jre7\bin\zip.dll
0x0000000066460000 - 0x0000000066469000 	c:\program files\java\jre7\bin\dt_socket.dll
0x000007fefcf70000 - 0x000007fefcfc5000 	C:\Windows\system32\mswsock.dll
0x000007fefc920000 - 0x000007fefc927000 	C:\Windows\System32\wshtcpip.dll
0x0000000062f10000 - 0x0000000062f29000 	C:\Program Files\Java\jre7\bin\net.dll
0x000007fefcf60000 - 0x000007fefcf67000 	C:\Windows\System32\wship6.dll
0x0000000062ea0000 - 0x0000000062eb1000 	C:\Program Files\Java\jre7\bin\nio.dll
0x000007fefd100000 - 0x000007fefd117000 	C:\Windows\system32\CRYPTSP.dll
0x000007fefccd0000 - 0x000007fefcd17000 	C:\Windows\system32\rsaenh.dll
0x000007fefca40000 - 0x000007fefca5e000 	C:\Windows\system32\USERENV.dll
0x000007fefd740000 - 0x000007fefd74f000 	C:\Windows\system32\profapi.dll
0x000007fefd670000 - 0x000007fefd67f000 	C:\Windows\system32\CRYPTBASE.dll
0x000007fefbff0000 - 0x000007fefc005000 	C:\Windows\system32\NLAapi.dll
0x000007fefa5c0000 - 0x000007fefa5d5000 	C:\Windows\system32\napinsp.dll
0x000007fefa540000 - 0x000007fefa559000 	C:\Windows\system32\pnrpnsp.dll
0x000007fefa530000 - 0x000007fefa540000 	C:\Windows\system32\wshbth.dll
0x000007fefa500000 - 0x000007fefa52e000 	C:\Program Files\Common Files\Microsoft Shared\Windows Live\WLIDNSP.DLL
0x000007fefcdf0000 - 0x000007fefce4b000 	C:\Windows\system32\DNSAPI.dll
0x000007fefa4f0000 - 0x000007fefa4fb000 	C:\Windows\System32\winrnr.dll
0x0000000072dc0000 - 0x0000000072de6000 	C:\Program Files\Bonjour\mdnsNSP.dll
0x000007fefbe40000 - 0x000007fefbe67000 	C:\Windows\system32\Iphlpapi.DLL
0x000007fefbe20000 - 0x000007fefbe2b000 	C:\Windows\system32\WINNSI.DLL
0x000007fefa330000 - 0x000007fefa338000 	C:\Windows\system32\rasadhlp.dll
0x000007fefbab0000 - 0x000007fefbb03000 	C:\Windows\System32\fwpuclnt.dll
0x0000000066440000 - 0x000000006644b000 	C:\Program Files\Java\jre7\bin\management.dll

VM Arguments:
jvm_args: -javaagent:C:\play-1.2.4\framework/play-1.2.4.jar -XX:-UseSplitVerifier -Dfile.encoding=utf-8 -Xdebug -Xrunjdwp:transport=dt_socket,address=8000,server=y,suspend=n -Dplay.debug=yes -Dapplication.path=C:\Users\Michael\workspace\LeagueScore -Dplay.id=test 
java_command: play.server.Server 
Launcher Type: SUN_STANDARD

Environment Variables:
JAVA_HOME=c:\program files\java\jre7
CLASSPATH=.;C:\Sun\AppServer\lib\j2ee.jar;C:\Sun\AppServer\lib;C:\Program Files (x86)\Java\jre6\lib\ext\QTJava.zip
PATH=C:\Users\Michael\Downloads\apache-maven-3.0.4;C:\play-1.2.4;C:\Program Files\MiKTeX 2.9\miktex\bin\x64;C:\PROGRA~2\RATIONAL\RATION~1\NUTCROOT\bin;C:\PROGRA~2\RATIONAL\RATION~1\NUTCROOT\bin\x11;C:\PROGRA~2\RATIONAL\RATION~1\NUTCROOT\mksnt;C:\oracle\product\10.2.0\db_1\bin;C:\Program Files\Common Files\Microsoft Shared\Windows Live;C:\Program Files (x86)\Common Files\Microsoft Shared\Windows Live;C:\Windows\system32;C:\Windows;C:\Windows\System32\Wbem;C:\Windows\System32\WindowsPowerShell\v1.0\;C:\Program Files\WIDCOMM\Bluetooth Software\;C:\Program Files\WIDCOMM\Bluetooth Software\syswow64;C:\Program Files (x86)\ATI Technologies\ATI.ACE\Core-Static;C:\Program Files (x86)\Common Files\Roxio Shared\10.0\DLLShared\;C:\Program Files (x86)\Windows Live\Shared;C:\Program Files (x86)\Rational\common;C:\Program Files (x86)\Rational\ClearQuest;C:\Program Files (x86)\Rational\Rose\TopLink\;C:\Program Files (x86)\Rational\Rational Test;c:\Program Files (x86)\Microsoft SQL Server\100\Tools\Binn\;c:\Program Files\Microsoft SQL Server\100\Tools\Binn\;c:\Program Files\Microsoft SQL Server\100\DTS\Binn\;C:\Program Files (x86)\Git\cmd;C:\Program Files (x86)\Git\bin;C:\Program Files (x86)\Linkury\;c:\play-2.0-RC3;c:\program files\java\jdk1.7.0\bin;c:\users\michael\scala-2.9.1.final\scala-2.9.1.final\bin;C:\Program Files (x86)\Heroku\bin;C:\Program Files (x86)\ruby-1.9.3\bin;C:\Program Files (x86)\git\bin;C:\Program Files (x86)\git\cmd;C:\Program Files (x86)\QuickTime\QTSystem\
USERNAME=Michael
SHELL=C:\PROGRA~2\RATIONAL\RATION~1\NUTCROOT\mksnt\sh.exe
DISPLAY=:0.0
OS=Windows_NT
PROCESSOR_IDENTIFIER=Intel64 Family 6 Model 37 Stepping 2, GenuineIntel



---------------  S Y S T E M  ---------------

OS: Windows 7 , 64 bit Build 7601 Service Pack 1

CPU:total 4 (2 cores per cpu, 2 threads per core) family 6 model 37 stepping 2, cmov, cx8, fxsr, mmx, sse, sse2, sse3, ssse3, sse4.1, sse4.2, popcnt, ht

Memory: 4k page, physical 4044900k(1657536k free), swap 8087952k(4893328k free)

vm_info: Java HotSpot(TM) 64-Bit Server VM (22.0-b10) for windows-amd64 JRE (1.7.0_02-b13), built on Nov 17 2011 13:51:15 by "java_re" with unknown MS VC++:1600

time: Tue Jun 19 19:49:32 2012
elapsed time: 694 seconds

